This file contains any messages produced by compilers while
running configure, to aid debugging if configure makes a mistake.

It was created by configure, which was
generated by GNU Autoconf 2.69.  Invocation command line was

  $ ./configure --with-x

## --------- ##
## Platform. ##
## --------- ##

hostname = pedagogical-5
uname -m = x86_64
uname -r = 4.15.0-171-generic
uname -s = Linux
uname -v = #180-Ubuntu SMP Wed Mar 2 17:25:05 UTC 2022

/usr/bin/uname -p = unknown
/bin/uname -X     = unknown

/bin/arch              = unknown
/usr/bin/arch -k       = unknown
/usr/convex/getsysinfo = unknown
/usr/bin/hostinfo      = unknown
/bin/machine           = unknown
/usr/bin/oslevel       = unknown
/bin/universe          = unknown

PATH: /u/liuh/.cargo/bin
PATH: /u/gheith/public/qemu_5.1.0/bin
PATH: /u/liuh/.vscode-server/bin/da15b6fd3ef856477bf6f4fb29ba1b7af717770d/bin/remote-cli
PATH: /usr/local/sbin
PATH: /usr/local/bin
PATH: /usr/sbin
PATH: /usr/bin
PATH: /sbin
PATH: /bin
PATH: /usr/games
PATH: /usr/local/bin/tex
PATH: /lusr/games/bin
PATH: /lusr/opt/condor/bin


## ----------- ##
## Core tests. ##
## ----------- ##

configure:2512: checking build system type
configure:2526: result: x86_64-pc-linux-gnu
configure:2546: checking host system type
configure:2559: result: x86_64-pc-linux-gnu
configure:2636: checking for gcc
configure:2652: found /usr/bin/gcc
configure:2663: result: gcc
configure:2892: checking for C compiler version
configure:2901: gcc --version >&5
gcc (Ubuntu 7.5.0-3ubuntu1~18.04) 7.5.0
Copyright (C) 2017 Free Software Foundation, Inc.
This is free software; see the source for copying conditions.  There is NO
warranty; not even for MERCHANTABILITY or FITNESS FOR A PARTICULAR PURPOSE.

configure:2912: $? = 0
configure:2901: gcc -v >&5
Using built-in specs.
COLLECT_GCC=gcc
COLLECT_LTO_WRAPPER=/usr/lib/gcc/x86_64-linux-gnu/7/lto-wrapper
OFFLOAD_TARGET_NAMES=nvptx-none
OFFLOAD_TARGET_DEFAULT=1
Target: x86_64-linux-gnu
Configured with: ../src/configure -v --with-pkgversion='Ubuntu 7.5.0-3ubuntu1~18.04' --with-bugurl=file:///usr/share/doc/gcc-7/README.Bugs --enable-languages=c,ada,c++,go,brig,d,fortran,objc,obj-c++ --prefix=/usr --with-gcc-major-version-only --program-suffix=-7 --program-prefix=x86_64-linux-gnu- --enable-shared --enable-linker-build-id --libexecdir=/usr/lib --without-included-gettext --enable-threads=posix --libdir=/usr/lib --enable-nls --enable-bootstrap --enable-clocale=gnu --enable-libstdcxx-debug --enable-libstdcxx-time=yes --with-default-libstdcxx-abi=new --enable-gnu-unique-object --disable-vtable-verify --enable-libmpx --enable-plugin --enable-default-pie --with-system-zlib --with-target-system-zlib --enable-objc-gc=auto --enable-multiarch --disable-werror --with-arch-32=i686 --with-abi=m64 --with-multilib-list=m32,m64,mx32 --enable-multilib --with-tune=generic --enable-offload-targets=nvptx-none --without-cuda-driver --enable-checking=release --build=x86_64-linux-gnu --host=x86_64-linux-gnu --target=x86_64-linux-gnu
Thread model: posix
gcc version 7.5.0 (Ubuntu 7.5.0-3ubuntu1~18.04) 
configure:2912: $? = 0
configure:2901: gcc -V >&5
gcc: error: unrecognized command line option '-V'
gcc: fatal error: no input files
compilation terminated.
configure:2912: $? = 1
configure:2901: gcc -qversion >&5
gcc: error: unrecognized command line option '-qversion'; did you mean '--version'?
gcc: fatal error: no input files
compilation terminated.
configure:2912: $? = 1
configure:2932: checking whether the C compiler works
configure:2954: gcc    conftest.c  >&5
configure:2958: $? = 0
configure:3006: result: yes
configure:3009: checking for C compiler default output file name
configure:3011: result: a.out
configure:3017: checking for suffix of executables
configure:3024: gcc -o conftest    conftest.c  >&5
configure:3028: $? = 0
configure:3050: result: 
configure:3072: checking whether we are cross compiling
configure:3080: gcc -o conftest    conftest.c  >&5
configure:3084: $? = 0
configure:3091: ./conftest
configure:3095: $? = 0
configure:3110: result: no
configure:3115: checking for suffix of object files
configure:3137: gcc -c   conftest.c >&5
configure:3141: $? = 0
configure:3162: result: o
configure:3166: checking whether we are using the GNU C compiler
configure:3185: gcc -c   conftest.c >&5
configure:3185: $? = 0
configure:3194: result: yes
configure:3203: checking whether gcc accepts -g
configure:3223: gcc -c -g  conftest.c >&5
configure:3223: $? = 0
configure:3264: result: yes
configure:3281: checking for gcc option to accept ISO C89
configure:3344: gcc  -c   conftest.c >&5
configure:3344: $? = 0
configure:3357: result: none needed
configure:3435: checking for g++
configure:3451: found /usr/bin/g++
configure:3462: result: g++
configure:3489: checking for C++ compiler version
configure:3498: g++ --version >&5
g++ (Ubuntu 7.5.0-3ubuntu1~18.04) 7.5.0
Copyright (C) 2017 Free Software Foundation, Inc.
This is free software; see the source for copying conditions.  There is NO
warranty; not even for MERCHANTABILITY or FITNESS FOR A PARTICULAR PURPOSE.

configure:3509: $? = 0
configure:3498: g++ -v >&5
Using built-in specs.
COLLECT_GCC=g++
COLLECT_LTO_WRAPPER=/usr/lib/gcc/x86_64-linux-gnu/7/lto-wrapper
OFFLOAD_TARGET_NAMES=nvptx-none
OFFLOAD_TARGET_DEFAULT=1
Target: x86_64-linux-gnu
Configured with: ../src/configure -v --with-pkgversion='Ubuntu 7.5.0-3ubuntu1~18.04' --with-bugurl=file:///usr/share/doc/gcc-7/README.Bugs --enable-languages=c,ada,c++,go,brig,d,fortran,objc,obj-c++ --prefix=/usr --with-gcc-major-version-only --program-suffix=-7 --program-prefix=x86_64-linux-gnu- --enable-shared --enable-linker-build-id --libexecdir=/usr/lib --without-included-gettext --enable-threads=posix --libdir=/usr/lib --enable-nls --enable-bootstrap --enable-clocale=gnu --enable-libstdcxx-debug --enable-libstdcxx-time=yes --with-default-libstdcxx-abi=new --enable-gnu-unique-object --disable-vtable-verify --enable-libmpx --enable-plugin --enable-default-pie --with-system-zlib --with-target-system-zlib --enable-objc-gc=auto --enable-multiarch --disable-werror --with-arch-32=i686 --with-abi=m64 --with-multilib-list=m32,m64,mx32 --enable-multilib --with-tune=generic --enable-offload-targets=nvptx-none --without-cuda-driver --enable-checking=release --build=x86_64-linux-gnu --host=x86_64-linux-gnu --target=x86_64-linux-gnu
Thread model: posix
gcc version 7.5.0 (Ubuntu 7.5.0-3ubuntu1~18.04) 
configure:3509: $? = 0
configure:3498: g++ -V >&5
g++: error: unrecognized command line option '-V'
g++: fatal error: no input files
compilation terminated.
configure:3509: $? = 1
configure:3498: g++ -qversion >&5
g++: error: unrecognized command line option '-qversion'; did you mean '--version'?
g++: fatal error: no input files
compilation terminated.
configure:3509: $? = 1
configure:3513: checking whether we are using the GNU C++ compiler
configure:3532: g++ -c   conftest.cpp >&5
configure:3532: $? = 0
configure:3541: result: yes
configure:3550: checking whether g++ accepts -g
configure:3570: g++ -c -g  conftest.cpp >&5
configure:3570: $? = 0
configure:3611: result: yes
configure:4121: checking for a BSD-compatible install
configure:4189: result: /usr/bin/install -c
configure:4211: checking for nroff
configure:4229: found /usr/bin/nroff
configure:4241: result: /usr/bin/nroff
configure:4299: checking for doxygen
configure:4332: result: no
configure:4381: checking for ranlib
configure:4397: found /usr/bin/ranlib
configure:4408: result: ranlib
configure:4476: checking for ar
configure:4494: found /usr/bin/ar
configure:4506: result: /usr/bin/ar
configure:4587: checking for windres
configure:4620: result: no
configure:4646: checking how to run the C preprocessor
configure:4677: gcc -E  conftest.c
configure:4677: $? = 0
configure:4691: gcc -E  conftest.c
conftest.c:9:10: fatal error: ac_nonexistent.h: No such file or directory
 #include <ac_nonexistent.h>
          ^~~~~~~~~~~~~~~~~~
compilation terminated.
configure:4691: $? = 1
configure: failed program was:
| /* confdefs.h */
| #define PACKAGE_NAME ""
| #define PACKAGE_TARNAME ""
| #define PACKAGE_VERSION ""
| #define PACKAGE_STRING ""
| #define PACKAGE_BUGREPORT ""
| #define PACKAGE_URL ""
| /* end confdefs.h.  */
| #include <ac_nonexistent.h>
configure:4716: result: gcc -E
configure:4736: gcc -E  conftest.c
configure:4736: $? = 0
configure:4750: gcc -E  conftest.c
conftest.c:9:10: fatal error: ac_nonexistent.h: No such file or directory
 #include <ac_nonexistent.h>
          ^~~~~~~~~~~~~~~~~~
compilation terminated.
configure:4750: $? = 1
configure: failed program was:
| /* confdefs.h */
| #define PACKAGE_NAME ""
| #define PACKAGE_TARNAME ""
| #define PACKAGE_VERSION ""
| #define PACKAGE_STRING ""
| #define PACKAGE_BUGREPORT ""
| #define PACKAGE_URL ""
| /* end confdefs.h.  */
| #include <ac_nonexistent.h>
configure:4779: checking for grep that handles long lines and -e
configure:4837: result: /bin/grep
configure:4842: checking for egrep
configure:4904: result: /bin/grep -E
configure:4909: checking for ANSI C header files
configure:4929: gcc -c   conftest.c >&5
configure:4929: $? = 0
configure:5002: gcc -o conftest    conftest.c  >&5
configure:5002: $? = 0
configure:5002: ./conftest
configure:5002: $? = 0
configure:5013: result: yes
configure:5026: checking for sys/types.h
configure:5026: gcc -c   conftest.c >&5
configure:5026: $? = 0
configure:5026: result: yes
configure:5026: checking for sys/stat.h
configure:5026: gcc -c   conftest.c >&5
configure:5026: $? = 0
configure:5026: result: yes
configure:5026: checking for stdlib.h
configure:5026: gcc -c   conftest.c >&5
configure:5026: $? = 0
configure:5026: result: yes
configure:5026: checking for string.h
configure:5026: gcc -c   conftest.c >&5
configure:5026: $? = 0
configure:5026: result: yes
configure:5026: checking for memory.h
configure:5026: gcc -c   conftest.c >&5
configure:5026: $? = 0
configure:5026: result: yes
configure:5026: checking for strings.h
configure:5026: gcc -c   conftest.c >&5
configure:5026: $? = 0
configure:5026: result: yes
configure:5026: checking for inttypes.h
configure:5026: gcc -c   conftest.c >&5
configure:5026: $? = 0
configure:5026: result: yes
configure:5026: checking for stdint.h
configure:5026: gcc -c   conftest.c >&5
configure:5026: $? = 0
configure:5026: result: yes
configure:5026: checking for unistd.h
configure:5026: gcc -c   conftest.c >&5
configure:5026: $? = 0
configure:5026: result: yes
configure:5042: checking size of short
configure:5047: gcc -o conftest    conftest.c  >&5
configure:5047: $? = 0
configure:5047: ./conftest
configure:5047: $? = 0
configure:5061: result: 2
configure:5075: checking size of int
configure:5080: gcc -o conftest    conftest.c  >&5
configure:5080: $? = 0
configure:5080: ./conftest
configure:5080: $? = 0
configure:5094: result: 4
configure:5108: checking size of long
configure:5113: gcc -o conftest    conftest.c  >&5
configure:5113: $? = 0
configure:5113: ./conftest
configure:5113: $? = 0
configure:5127: result: 8
configure:5154: checking whether byte ordering is bigendian
configure:5169: gcc -c   conftest.c >&5
conftest.c:25:9: error: unknown type name 'not'
         not a universal capable compiler
         ^~~
conftest.c:25:15: error: expected '=', ',', ';', 'asm' or '__attribute__' before 'universal'
         not a universal capable compiler
               ^~~~~~~~~
conftest.c:25:15: error: unknown type name 'universal'
configure:5169: $? = 1
configure: failed program was:
| /* confdefs.h */
| #define PACKAGE_NAME ""
| #define PACKAGE_TARNAME ""
| #define PACKAGE_VERSION ""
| #define PACKAGE_STRING ""
| #define PACKAGE_BUGREPORT ""
| #define PACKAGE_URL ""
| #define STDC_HEADERS 1
| #define HAVE_SYS_TYPES_H 1
| #define HAVE_SYS_STAT_H 1
| #define HAVE_STDLIB_H 1
| #define HAVE_STRING_H 1
| #define HAVE_MEMORY_H 1
| #define HAVE_STRINGS_H 1
| #define HAVE_INTTYPES_H 1
| #define HAVE_STDINT_H 1
| #define HAVE_UNISTD_H 1
| #define SIZEOF_SHORT 2
| #define SIZEOF_INT 4
| #define SIZEOF_LONG 8
| #define U16 unsigned short
| #define U32 unsigned
| /* end confdefs.h.  */
| #ifndef __APPLE_CC__
| 	       not a universal capable compiler
| 	     #endif
| 	     typedef int dummy;
| 
configure:5214: gcc -c   conftest.c >&5
configure:5214: $? = 0
configure:5232: gcc -c   conftest.c >&5
conftest.c: In function 'main':
conftest.c:31:4: error: unknown type name 'not'; did you mean 'ino_t'?
    not big endian
    ^~~
    ino_t
conftest.c:31:12: error: expected '=', ',', ';', 'asm' or '__attribute__' before 'endian'
    not big endian
            ^~~~~~
configure:5232: $? = 1
configure: failed program was:
| /* confdefs.h */
| #define PACKAGE_NAME ""
| #define PACKAGE_TARNAME ""
| #define PACKAGE_VERSION ""
| #define PACKAGE_STRING ""
| #define PACKAGE_BUGREPORT ""
| #define PACKAGE_URL ""
| #define STDC_HEADERS 1
| #define HAVE_SYS_TYPES_H 1
| #define HAVE_SYS_STAT_H 1
| #define HAVE_STDLIB_H 1
| #define HAVE_STRING_H 1
| #define HAVE_MEMORY_H 1
| #define HAVE_STRINGS_H 1
| #define HAVE_INTTYPES_H 1
| #define HAVE_STDINT_H 1
| #define HAVE_UNISTD_H 1
| #define SIZEOF_SHORT 2
| #define SIZEOF_INT 4
| #define SIZEOF_LONG 8
| #define U16 unsigned short
| #define U32 unsigned
| /* end confdefs.h.  */
| #include <sys/types.h>
| 		#include <sys/param.h>
| 
| int
| main ()
| {
| #if BYTE_ORDER != BIG_ENDIAN
| 		 not big endian
| 		#endif
| 
|   ;
|   return 0;
| }
configure:5360: result: no
configure:5391: checking whether the compiler recognizes bool as a built-in type
configure:5421: g++ -c   conftest.cpp >&5
configure:5421: $? = 0
configure:5435: result: yes
configure:5445: checking for dirent.h that defines DIR
configure:5464: gcc -c   conftest.c >&5
configure:5464: $? = 0
configure:5472: result: yes
configure:5485: checking for library containing opendir
configure:5516: gcc -o conftest    conftest.c  >&5
configure:5516: $? = 0
configure:5533: result: none required
configure:5603: checking sys/select.h usability
configure:5603: gcc -c   conftest.c >&5
configure:5603: $? = 0
configure:5603: result: yes
configure:5603: checking sys/select.h presence
configure:5603: gcc -E  conftest.c
configure:5603: $? = 0
configure:5603: result: yes
configure:5603: checking for sys/select.h
configure:5603: result: yes
configure:5603: checking sys/stdtypes.h usability
configure:5603: gcc -c   conftest.c >&5
conftest.c:60:10: fatal error: sys/stdtypes.h: No such file or directory
 #include <sys/stdtypes.h>
          ^~~~~~~~~~~~~~~~
compilation terminated.
configure:5603: $? = 1
configure: failed program was:
| /* confdefs.h */
| #define PACKAGE_NAME ""
| #define PACKAGE_TARNAME ""
| #define PACKAGE_VERSION ""
| #define PACKAGE_STRING ""
| #define PACKAGE_BUGREPORT ""
| #define PACKAGE_URL ""
| #define STDC_HEADERS 1
| #define HAVE_SYS_TYPES_H 1
| #define HAVE_SYS_STAT_H 1
| #define HAVE_STDLIB_H 1
| #define HAVE_STRING_H 1
| #define HAVE_MEMORY_H 1
| #define HAVE_STRINGS_H 1
| #define HAVE_INTTYPES_H 1
| #define HAVE_STDINT_H 1
| #define HAVE_UNISTD_H 1
| #define SIZEOF_SHORT 2
| #define SIZEOF_INT 4
| #define SIZEOF_LONG 8
| #define U16 unsigned short
| #define U32 unsigned
| #define U64 unsigned long
| #define HAVE_DIRENT_H 1
| #define HAVE_SYS_SELECT_H 1
| /* end confdefs.h.  */
| #include <stdio.h>
| #ifdef HAVE_SYS_TYPES_H
| # include <sys/types.h>
| #endif
| #ifdef HAVE_SYS_STAT_H
| # include <sys/stat.h>
| #endif
| #ifdef STDC_HEADERS
| # include <stdlib.h>
| # include <stddef.h>
| #else
| # ifdef HAVE_STDLIB_H
| #  include <stdlib.h>
| # endif
| #endif
| #ifdef HAVE_STRING_H
| # if !defined STDC_HEADERS && defined HAVE_MEMORY_H
| #  include <memory.h>
| # endif
| # include <string.h>
| #endif
| #ifdef HAVE_STRINGS_H
| # include <strings.h>
| #endif
| #ifdef HAVE_INTTYPES_H
| # include <inttypes.h>
| #endif
| #ifdef HAVE_STDINT_H
| # include <stdint.h>
| #endif
| #ifdef HAVE_UNISTD_H
| # include <unistd.h>
| #endif
| #include <sys/stdtypes.h>
configure:5603: result: no
configure:5603: checking sys/stdtypes.h presence
configure:5603: gcc -E  conftest.c
conftest.c:27:10: fatal error: sys/stdtypes.h: No such file or directory
 #include <sys/stdtypes.h>
          ^~~~~~~~~~~~~~~~
compilation terminated.
configure:5603: $? = 1
configure: failed program was:
| /* confdefs.h */
| #define PACKAGE_NAME ""
| #define PACKAGE_TARNAME ""
| #define PACKAGE_VERSION ""
| #define PACKAGE_STRING ""
| #define PACKAGE_BUGREPORT ""
| #define PACKAGE_URL ""
| #define STDC_HEADERS 1
| #define HAVE_SYS_TYPES_H 1
| #define HAVE_SYS_STAT_H 1
| #define HAVE_STDLIB_H 1
| #define HAVE_STRING_H 1
| #define HAVE_MEMORY_H 1
| #define HAVE_STRINGS_H 1
| #define HAVE_INTTYPES_H 1
| #define HAVE_STDINT_H 1
| #define HAVE_UNISTD_H 1
| #define SIZEOF_SHORT 2
| #define SIZEOF_INT 4
| #define SIZEOF_LONG 8
| #define U16 unsigned short
| #define U32 unsigned
| #define U64 unsigned long
| #define HAVE_DIRENT_H 1
| #define HAVE_SYS_SELECT_H 1
| /* end confdefs.h.  */
| #include <sys/stdtypes.h>
configure:5603: result: no
configure:5603: checking for sys/stdtypes.h
configure:5603: result: no
configure:5614: checking whether we have the POSIX compatible scandir() prototype
configure:5643: g++ -c   conftest.cpp >&5
configure:5643: $? = 0
configure:5657: result: yes
configure:5683: checking for vsnprintf
configure:5683: gcc -o conftest    conftest.c  >&5
conftest.c:52:6: warning: conflicting types for built-in function 'vsnprintf' [-Wbuiltin-declaration-mismatch]
 char vsnprintf ();
      ^~~~~~~~~
configure:5683: $? = 0
configure:5683: result: yes
configure:5702: checking for snprintf
configure:5702: gcc -o conftest    conftest.c  >&5
conftest.c:53:6: warning: conflicting types for built-in function 'snprintf' [-Wbuiltin-declaration-mismatch]
 char snprintf ();
      ^~~~~~~~
configure:5702: $? = 0
configure:5702: result: yes
configure:5723: checking for strings.h
configure:5723: result: yes
configure:5736: checking for strcasecmp
configure:5736: gcc -o conftest    conftest.c  >&5
conftest.c:55:6: warning: conflicting types for built-in function 'strcasecmp' [-Wbuiltin-declaration-mismatch]
 char strcasecmp ();
      ^~~~~~~~~~
configure:5736: $? = 0
configure:5736: result: yes
configure:5736: checking for strlcat
configure:5736: gcc -o conftest    conftest.c  >&5
/tmp/ccaL4Du9.o: In function `main':
conftest.c:(.text+0xa): undefined reference to `strlcat'
collect2: error: ld returned 1 exit status
configure:5736: $? = 1
configure: failed program was:
| /* confdefs.h */
| #define PACKAGE_NAME ""
| #define PACKAGE_TARNAME ""
| #define PACKAGE_VERSION ""
| #define PACKAGE_STRING ""
| #define PACKAGE_BUGREPORT ""
| #define PACKAGE_URL ""
| #define STDC_HEADERS 1
| #define HAVE_SYS_TYPES_H 1
| #define HAVE_SYS_STAT_H 1
| #define HAVE_STDLIB_H 1
| #define HAVE_STRING_H 1
| #define HAVE_MEMORY_H 1
| #define HAVE_STRINGS_H 1
| #define HAVE_INTTYPES_H 1
| #define HAVE_STDINT_H 1
| #define HAVE_UNISTD_H 1
| #define SIZEOF_SHORT 2
| #define SIZEOF_INT 4
| #define SIZEOF_LONG 8
| #define U16 unsigned short
| #define U32 unsigned
| #define U64 unsigned long
| #define HAVE_DIRENT_H 1
| #define HAVE_SYS_SELECT_H 1
| #define HAVE_SCANDIR 1
| #define HAVE_SCANDIR_POSIX 1
| #define HAVE_VSNPRINTF 1
| #define HAVE_SNPRINTF 1
| #define HAVE_STRINGS_H 1
| #define HAVE_STRCASECMP 1
| /* end confdefs.h.  */
| /* Define strlcat to an innocuous variant, in case <limits.h> declares strlcat.
|    For example, HP-UX 11i <limits.h> declares gettimeofday.  */
| #define strlcat innocuous_strlcat
| 
| /* System header to define __stub macros and hopefully few prototypes,
|     which can conflict with char strlcat (); below.
|     Prefer <limits.h> to <assert.h> if __STDC__ is defined, since
|     <limits.h> exists even on freestanding compilers.  */
| 
| #ifdef __STDC__
| # include <limits.h>
| #else
| # include <assert.h>
| #endif
| 
| #undef strlcat
| 
| /* Override any GCC internal prototype to avoid an error.
|    Use char because int might match the return type of a GCC
|    builtin and then its argument prototype would still apply.  */
| #ifdef __cplusplus
| extern "C"
| #endif
| char strlcat ();
| /* The GNU C library defines this for functions which it implements
|     to always fail with ENOSYS.  Some functions are actually named
|     something starting with __ and the normal name is an alias.  */
| #if defined __stub_strlcat || defined __stub___strlcat
| choke me
| #endif
| 
| int
| main ()
| {
| return strlcat ();
|   ;
|   return 0;
| }
configure:5736: result: no
configure:5736: checking for strlcpy
configure:5736: gcc -o conftest    conftest.c  >&5
/tmp/ccS67nHf.o: In function `main':
conftest.c:(.text+0xa): undefined reference to `strlcpy'
collect2: error: ld returned 1 exit status
configure:5736: $? = 1
configure: failed program was:
| /* confdefs.h */
| #define PACKAGE_NAME ""
| #define PACKAGE_TARNAME ""
| #define PACKAGE_VERSION ""
| #define PACKAGE_STRING ""
| #define PACKAGE_BUGREPORT ""
| #define PACKAGE_URL ""
| #define STDC_HEADERS 1
| #define HAVE_SYS_TYPES_H 1
| #define HAVE_SYS_STAT_H 1
| #define HAVE_STDLIB_H 1
| #define HAVE_STRING_H 1
| #define HAVE_MEMORY_H 1
| #define HAVE_STRINGS_H 1
| #define HAVE_INTTYPES_H 1
| #define HAVE_STDINT_H 1
| #define HAVE_UNISTD_H 1
| #define SIZEOF_SHORT 2
| #define SIZEOF_INT 4
| #define SIZEOF_LONG 8
| #define U16 unsigned short
| #define U32 unsigned
| #define U64 unsigned long
| #define HAVE_DIRENT_H 1
| #define HAVE_SYS_SELECT_H 1
| #define HAVE_SCANDIR 1
| #define HAVE_SCANDIR_POSIX 1
| #define HAVE_VSNPRINTF 1
| #define HAVE_SNPRINTF 1
| #define HAVE_STRINGS_H 1
| #define HAVE_STRCASECMP 1
| /* end confdefs.h.  */
| /* Define strlcpy to an innocuous variant, in case <limits.h> declares strlcpy.
|    For example, HP-UX 11i <limits.h> declares gettimeofday.  */
| #define strlcpy innocuous_strlcpy
| 
| /* System header to define __stub macros and hopefully few prototypes,
|     which can conflict with char strlcpy (); below.
|     Prefer <limits.h> to <assert.h> if __STDC__ is defined, since
|     <limits.h> exists even on freestanding compilers.  */
| 
| #ifdef __STDC__
| # include <limits.h>
| #else
| # include <assert.h>
| #endif
| 
| #undef strlcpy
| 
| /* Override any GCC internal prototype to avoid an error.
|    Use char because int might match the return type of a GCC
|    builtin and then its argument prototype would still apply.  */
| #ifdef __cplusplus
| extern "C"
| #endif
| char strlcpy ();
| /* The GNU C library defines this for functions which it implements
|     to always fail with ENOSYS.  Some functions are actually named
|     something starting with __ and the normal name is an alias.  */
| #if defined __stub_strlcpy || defined __stub___strlcpy
| choke me
| #endif
| 
| int
| main ()
| {
| return strlcpy ();
|   ;
|   return 0;
| }
configure:5736: result: no
configure:5748: checking locale.h usability
configure:5748: gcc -c   conftest.c >&5
configure:5748: $? = 0
configure:5748: result: yes
configure:5748: checking locale.h presence
configure:5748: gcc -E  conftest.c
configure:5748: $? = 0
configure:5748: result: yes
configure:5748: checking for locale.h
configure:5748: result: yes
configure:5760: checking for localeconv
configure:5760: gcc -o conftest    conftest.c  >&5
configure:5760: $? = 0
configure:5760: result: yes
configure:5770: checking for library containing pow
configure:5801: gcc -o conftest    conftest.c  >&5
conftest.c:42:6: warning: conflicting types for built-in function 'pow' [-Wbuiltin-declaration-mismatch]
 char pow ();
      ^~~
/tmp/ccuB5vtp.o: In function `main':
conftest.c:(.text+0xa): undefined reference to `pow'
collect2: error: ld returned 1 exit status
configure:5801: $? = 1
configure: failed program was:
| /* confdefs.h */
| #define PACKAGE_NAME ""
| #define PACKAGE_TARNAME ""
| #define PACKAGE_VERSION ""
| #define PACKAGE_STRING ""
| #define PACKAGE_BUGREPORT ""
| #define PACKAGE_URL ""
| #define STDC_HEADERS 1
| #define HAVE_SYS_TYPES_H 1
| #define HAVE_SYS_STAT_H 1
| #define HAVE_STDLIB_H 1
| #define HAVE_STRING_H 1
| #define HAVE_MEMORY_H 1
| #define HAVE_STRINGS_H 1
| #define HAVE_INTTYPES_H 1
| #define HAVE_STDINT_H 1
| #define HAVE_UNISTD_H 1
| #define SIZEOF_SHORT 2
| #define SIZEOF_INT 4
| #define SIZEOF_LONG 8
| #define U16 unsigned short
| #define U32 unsigned
| #define U64 unsigned long
| #define HAVE_DIRENT_H 1
| #define HAVE_SYS_SELECT_H 1
| #define HAVE_SCANDIR 1
| #define HAVE_SCANDIR_POSIX 1
| #define HAVE_VSNPRINTF 1
| #define HAVE_SNPRINTF 1
| #define HAVE_STRINGS_H 1
| #define HAVE_STRCASECMP 1
| #define HAVE_LOCALE_H 1
| #define HAVE_LOCALECONV 1
| /* end confdefs.h.  */
| 
| /* Override any GCC internal prototype to avoid an error.
|    Use char because int might match the return type of a GCC
|    builtin and then its argument prototype would still apply.  */
| #ifdef __cplusplus
| extern "C"
| #endif
| char pow ();
| int
| main ()
| {
| return pow ();
|   ;
|   return 0;
| }
configure:5801: gcc -o conftest    conftest.c -lm   >&5
conftest.c:42:6: warning: conflicting types for built-in function 'pow' [-Wbuiltin-declaration-mismatch]
 char pow ();
      ^~~
configure:5801: $? = 0
configure:5818: result: -lm
configure:5834: checking for special C compiler options needed for large files
configure:5879: result: no
configure:5885: checking for _FILE_OFFSET_BITS value needed for large files
configure:5910: gcc -c   conftest.c >&5
configure:5910: $? = 0
configure:5942: result: no
configure:6042: checking for long long int
configure:6069: result: yes
configure:6077: checking for library containing dlsym
configure:6108: gcc -o conftest    conftest.c -lm  >&5
/tmp/cc8ZDZ2v.o: In function `main':
conftest.c:(.text+0xa): undefined reference to `dlsym'
collect2: error: ld returned 1 exit status
configure:6108: $? = 1
configure: failed program was:
| /* confdefs.h */
| #define PACKAGE_NAME ""
| #define PACKAGE_TARNAME ""
| #define PACKAGE_VERSION ""
| #define PACKAGE_STRING ""
| #define PACKAGE_BUGREPORT ""
| #define PACKAGE_URL ""
| #define STDC_HEADERS 1
| #define HAVE_SYS_TYPES_H 1
| #define HAVE_SYS_STAT_H 1
| #define HAVE_STDLIB_H 1
| #define HAVE_STRING_H 1
| #define HAVE_MEMORY_H 1
| #define HAVE_STRINGS_H 1
| #define HAVE_INTTYPES_H 1
| #define HAVE_STDINT_H 1
| #define HAVE_UNISTD_H 1
| #define SIZEOF_SHORT 2
| #define SIZEOF_INT 4
| #define SIZEOF_LONG 8
| #define U16 unsigned short
| #define U32 unsigned
| #define U64 unsigned long
| #define HAVE_DIRENT_H 1
| #define HAVE_SYS_SELECT_H 1
| #define HAVE_SCANDIR 1
| #define HAVE_SCANDIR_POSIX 1
| #define HAVE_VSNPRINTF 1
| #define HAVE_SNPRINTF 1
| #define HAVE_STRINGS_H 1
| #define HAVE_STRCASECMP 1
| #define HAVE_LOCALE_H 1
| #define HAVE_LOCALECONV 1
| #define HAVE_LONG_LONG 1
| /* end confdefs.h.  */
| 
| /* Override any GCC internal prototype to avoid an error.
|    Use char because int might match the return type of a GCC
|    builtin and then its argument prototype would still apply.  */
| #ifdef __cplusplus
| extern "C"
| #endif
| char dlsym ();
| int
| main ()
| {
| return dlsym ();
|   ;
|   return 0;
| }
configure:6108: gcc -o conftest    conftest.c -ldl  -lm  >&5
configure:6108: $? = 0
configure:6125: result: -ldl
configure:6134: checking dlfcn.h usability
configure:6134: gcc -c   conftest.c >&5
configure:6134: $? = 0
configure:6134: result: yes
configure:6134: checking dlfcn.h presence
configure:6134: gcc -E  conftest.c
configure:6134: $? = 0
configure:6134: result: yes
configure:6134: checking for dlfcn.h
configure:6134: result: yes
configure:6154: checking alsa/asoundlib.h usability
configure:6154: gcc -c   conftest.c >&5
configure:6154: $? = 0
configure:6154: result: yes
configure:6154: checking alsa/asoundlib.h presence
configure:6154: gcc -E  conftest.c
configure:6154: $? = 0
configure:6154: result: yes
configure:6154: checking for alsa/asoundlib.h
configure:6154: result: yes
configure:6186: checking for jpeg_CreateCompress in -ljpeg
configure:6211: gcc -o conftest    conftest.c -ljpeg  -ldl -lm  >&5
configure:6211: $? = 0
configure:6220: result: yes
configure:6223: checking jpeglib.h usability
configure:6223: gcc -c   conftest.c >&5
configure:6223: $? = 0
configure:6223: result: yes
configure:6223: checking jpeglib.h presence
configure:6223: gcc -E  conftest.c
configure:6223: $? = 0
configure:6223: result: yes
configure:6223: checking for jpeglib.h
configure:6223: result: yes
configure:6270: checking for gzgets in -lz
configure:6295: gcc -o conftest    conftest.c -lz  -ldl -lm  >&5
configure:6295: $? = 0
configure:6304: result: yes
configure:6307: checking zlib.h usability
configure:6307: gcc -c   conftest.c >&5
configure:6307: $? = 0
configure:6307: result: yes
configure:6307: checking zlib.h presence
configure:6307: gcc -E  conftest.c
configure:6307: $? = 0
configure:6307: result: yes
configure:6307: checking for zlib.h
configure:6307: result: yes
configure:6358: checking for png_read_info in -lpng
configure:6383: gcc -o conftest    conftest.c -lpng  -lz -ldl -lm  >&5
configure:6383: $? = 0
configure:6392: result: yes
configure:6395: checking png.h usability
configure:6395: gcc -c   conftest.c >&5
configure:6395: $? = 0
configure:6395: result: yes
configure:6395: checking png.h presence
configure:6395: gcc -E  conftest.c
configure:6395: $? = 0
configure:6395: result: yes
configure:6395: checking for png.h
configure:6395: result: yes
configure:6403: checking libpng/png.h usability
configure:6403: gcc -c   conftest.c >&5
configure:6403: $? = 0
configure:6403: result: yes
configure:6403: checking libpng/png.h presence
configure:6403: gcc -E  conftest.c
configure:6403: $? = 0
configure:6403: result: yes
configure:6403: checking for libpng/png.h
configure:6403: result: yes
configure:6444: checking for png_get_valid in -lpng
configure:6469: gcc -o conftest    conftest.c -lpng  -lz -ldl -lm  >&5
configure:6469: $? = 0
configure:6478: result: yes
configure:6485: checking for png_set_tRNS_to_alpha in -lpng
configure:6510: gcc -o conftest    conftest.c -lpng  -lz -ldl -lm  >&5
configure:6510: $? = 0
configure:6519: result: yes
configure:6559: checking pthread.h usability
configure:6559: gcc -c   conftest.c >&5
configure:6559: $? = 0
configure:6559: result: yes
configure:6559: checking pthread.h presence
configure:6559: gcc -E  conftest.c
configure:6559: $? = 0
configure:6559: result: yes
configure:6559: checking for pthread.h
configure:6559: result: yes
configure:6572: checking for pthread_create using -lpthreads
configure:6587: gcc -o conftest    conftest.c -lpthreads -ldl -lm  >&5
conftest.c: In function 'main':
conftest.c:51:1: warning: null argument where non-null required (argument 1) [-Wnonnull]
 pthread_create(0, 0, 0, 0);
 ^~~~~~~~~~~~~~
conftest.c:51:1: warning: null argument where non-null required (argument 3) [-Wnonnull]
/usr/bin/ld: cannot find -lpthreads
collect2: error: ld returned 1 exit status
configure:6587: $? = 1
configure: failed program was:
| /* confdefs.h */
| #define PACKAGE_NAME ""
| #define PACKAGE_TARNAME ""
| #define PACKAGE_VERSION ""
| #define PACKAGE_STRING ""
| #define PACKAGE_BUGREPORT ""
| #define PACKAGE_URL ""
| #define STDC_HEADERS 1
| #define HAVE_SYS_TYPES_H 1
| #define HAVE_SYS_STAT_H 1
| #define HAVE_STDLIB_H 1
| #define HAVE_STRING_H 1
| #define HAVE_MEMORY_H 1
| #define HAVE_STRINGS_H 1
| #define HAVE_INTTYPES_H 1
| #define HAVE_STDINT_H 1
| #define HAVE_UNISTD_H 1
| #define SIZEOF_SHORT 2
| #define SIZEOF_INT 4
| #define SIZEOF_LONG 8
| #define U16 unsigned short
| #define U32 unsigned
| #define U64 unsigned long
| #define HAVE_DIRENT_H 1
| #define HAVE_SYS_SELECT_H 1
| #define HAVE_SCANDIR 1
| #define HAVE_SCANDIR_POSIX 1
| #define HAVE_VSNPRINTF 1
| #define HAVE_SNPRINTF 1
| #define HAVE_STRINGS_H 1
| #define HAVE_STRCASECMP 1
| #define HAVE_LOCALE_H 1
| #define HAVE_LOCALECONV 1
| #define HAVE_LONG_LONG 1
| #define HAVE_DLSYM 1
| #define HAVE_DLFCN_H 1
| #define HAVE_ALSA_ASOUNDLIB_H 1
| #define HAVE_LIBJPEG 1
| #define HAVE_LIBZ 1
| #define HAVE_PNG_H 1
| #define HAVE_LIBPNG_PNG_H 1
| #define HAVE_LIBPNG 1
| #define HAVE_PNG_GET_VALID 1
| #define HAVE_PNG_SET_TRNS_TO_ALPHA 1
| #define HAVE_PTHREAD_H 1
| /* end confdefs.h.  */
| #include <pthread.h>
| int
| main ()
| {
| pthread_create(0, 0, 0, 0);
|   ;
|   return 0;
| }
configure:6594: result: no
configure:6572: checking for pthread_create using -lpthread
configure:6587: gcc -o conftest    conftest.c -lpthread -ldl -lm  >&5
conftest.c: In function 'main':
conftest.c:51:1: warning: null argument where non-null required (argument 1) [-Wnonnull]
 pthread_create(0, 0, 0, 0);
 ^~~~~~~~~~~~~~
conftest.c:51:1: warning: null argument where non-null required (argument 3) [-Wnonnull]
configure:6587: $? = 0
configure:6594: result: yes
configure:6736: checking for X
configure:6844: gcc -E  conftest.c
configure:6844: $? = 0
configure:6875: gcc -o conftest    conftest.c -lX11 -lpthread -ldl -lm  >&5
configure:6875: $? = 0
configure:6925: result: libraries , headers 
configure:7024: gcc -o conftest    conftest.c -lpthread -ldl -lm   -lX11 >&5
configure:7024: $? = 0
configure:7122: checking for gethostbyname
configure:7122: gcc -o conftest    conftest.c -lpthread -ldl -lm  >&5
configure:7122: $? = 0
configure:7122: result: yes
configure:7219: checking for connect
configure:7219: gcc -o conftest    conftest.c -lpthread -ldl -lm  >&5
configure:7219: $? = 0
configure:7219: result: yes
configure:7268: checking for remove
configure:7268: gcc -o conftest    conftest.c -lpthread -ldl -lm  >&5
configure:7268: $? = 0
configure:7268: result: yes
configure:7317: checking for shmat
configure:7317: gcc -o conftest    conftest.c -lpthread -ldl -lm  >&5
configure:7317: $? = 0
configure:7317: result: yes
configure:7375: checking for IceConnectionNumber in -lICE
configure:7400: gcc -o conftest    conftest.c -lICE  -lpthread -ldl -lm  >&5
configure:7400: $? = 0
configure:7409: result: yes
configure:7425: WARNING: Ignoring libraries " -lSM -lICE" requested by configure.
configure:7443: checking for library containing dlopen
configure:7474: gcc -o conftest      conftest.c -lpthread -ldl -lm  -lX11  >&5
configure:7474: $? = 0
configure:7491: result: none required
configure:7499: checking GL/gl.h usability
configure:7499: gcc -c    conftest.c >&5
configure:7499: $? = 0
configure:7499: result: yes
configure:7499: checking GL/gl.h presence
configure:7499: gcc -E  conftest.c
configure:7499: $? = 0
configure:7499: result: yes
configure:7499: checking for GL/gl.h
configure:7499: result: yes
configure:7501: checking for glXMakeCurrent in -lGL
configure:7526: gcc -o conftest      conftest.c -lGL -lm -lpthread -ldl -lm  -lX11  >&5
configure:7526: $? = 0
configure:7535: result: yes
configure:7586: checking for glXGetProcAddressARB in -lGL
configure:7611: gcc -o conftest      conftest.c -lGL -lm -lpthread -ldl -lm  -lX11  >&5
configure:7611: $? = 0
configure:7620: result: yes
configure:7631: checking GL/glu.h usability
configure:7631: gcc -c    conftest.c >&5
configure:7631: $? = 0
configure:7631: result: yes
configure:7631: checking GL/glu.h presence
configure:7631: gcc -E  conftest.c
configure:7631: $? = 0
configure:7631: result: yes
configure:7631: checking for GL/glu.h
configure:7631: result: yes
configure:7667: checking for XineramaIsActive in -lXinerama
configure:7692: gcc -o conftest      conftest.c -lXinerama  -lpthread -ldl -lm  -lX11  >&5
configure:7692: $? = 0
configure:7701: result: yes
configure:7723: checking for pkg-config
configure:7741: found /usr/bin/pkg-config
configure:7753: result: /usr/bin/pkg-config
configure:7823: checking for FcPatternCreate in -lfontconfig
configure:7848: gcc -o conftest -I/usr/include/freetype2 -I/usr/include/libpng16   -I/usr/include/freetype2 -I/usr/include/libpng16    conftest.c -lfontconfig  -lXinerama -lpthread -ldl -lm  -lX11  >&5
/usr/bin/ld: cannot find -lfontconfig
collect2: error: ld returned 1 exit status
configure:7848: $? = 1
configure: failed program was:
| /* confdefs.h */
| #define PACKAGE_NAME ""
| #define PACKAGE_TARNAME ""
| #define PACKAGE_VERSION ""
| #define PACKAGE_STRING ""
| #define PACKAGE_BUGREPORT ""
| #define PACKAGE_URL ""
| #define STDC_HEADERS 1
| #define HAVE_SYS_TYPES_H 1
| #define HAVE_SYS_STAT_H 1
| #define HAVE_STDLIB_H 1
| #define HAVE_STRING_H 1
| #define HAVE_MEMORY_H 1
| #define HAVE_STRINGS_H 1
| #define HAVE_INTTYPES_H 1
| #define HAVE_STDINT_H 1
| #define HAVE_UNISTD_H 1
| #define SIZEOF_SHORT 2
| #define SIZEOF_INT 4
| #define SIZEOF_LONG 8
| #define U16 unsigned short
| #define U32 unsigned
| #define U64 unsigned long
| #define HAVE_DIRENT_H 1
| #define HAVE_SYS_SELECT_H 1
| #define HAVE_SCANDIR 1
| #define HAVE_SCANDIR_POSIX 1
| #define HAVE_VSNPRINTF 1
| #define HAVE_SNPRINTF 1
| #define HAVE_STRINGS_H 1
| #define HAVE_STRCASECMP 1
| #define HAVE_LOCALE_H 1
| #define HAVE_LOCALECONV 1
| #define HAVE_LONG_LONG 1
| #define HAVE_DLSYM 1
| #define HAVE_DLFCN_H 1
| #define HAVE_ALSA_ASOUNDLIB_H 1
| #define HAVE_LIBJPEG 1
| #define HAVE_LIBZ 1
| #define HAVE_PNG_H 1
| #define HAVE_LIBPNG_PNG_H 1
| #define HAVE_LIBPNG 1
| #define HAVE_PNG_GET_VALID 1
| #define HAVE_PNG_SET_TRNS_TO_ALPHA 1
| #define HAVE_PTHREAD_H 1
| #define HAVE_PTHREAD 1
| #define HAVE_PTHREAD 1
| #define USE_X11 1
| #define HAVE_GL 1
| #define HAVE_GLXGETPROCADDRESSARB 1
| #define HAVE_GL_GLU_H 1
| #define HAVE_XINERAMA 1
| /* end confdefs.h.  */
| 
| /* Override any GCC internal prototype to avoid an error.
|    Use char because int might match the return type of a GCC
|    builtin and then its argument prototype would still apply.  */
| #ifdef __cplusplus
| extern "C"
| #endif
| char FcPatternCreate ();
| int
| main ()
| {
| return FcPatternCreate ();
|   ;
|   return 0;
| }
configure:7857: result: no
configure:7868: checking X11/Xft/Xft.h usability
configure:7868: gcc -c -I/usr/include/freetype2 -I/usr/include/libpng16   -I/usr/include/freetype2 -I/usr/include/libpng16  conftest.c >&5
conftest.c:87:10: fatal error: X11/Xft/Xft.h: No such file or directory
 #include <X11/Xft/Xft.h>
          ^~~~~~~~~~~~~~~
compilation terminated.
configure:7868: $? = 1
configure: failed program was:
| /* confdefs.h */
| #define PACKAGE_NAME ""
| #define PACKAGE_TARNAME ""
| #define PACKAGE_VERSION ""
| #define PACKAGE_STRING ""
| #define PACKAGE_BUGREPORT ""
| #define PACKAGE_URL ""
| #define STDC_HEADERS 1
| #define HAVE_SYS_TYPES_H 1
| #define HAVE_SYS_STAT_H 1
| #define HAVE_STDLIB_H 1
| #define HAVE_STRING_H 1
| #define HAVE_MEMORY_H 1
| #define HAVE_STRINGS_H 1
| #define HAVE_INTTYPES_H 1
| #define HAVE_STDINT_H 1
| #define HAVE_UNISTD_H 1
| #define SIZEOF_SHORT 2
| #define SIZEOF_INT 4
| #define SIZEOF_LONG 8
| #define U16 unsigned short
| #define U32 unsigned
| #define U64 unsigned long
| #define HAVE_DIRENT_H 1
| #define HAVE_SYS_SELECT_H 1
| #define HAVE_SCANDIR 1
| #define HAVE_SCANDIR_POSIX 1
| #define HAVE_VSNPRINTF 1
| #define HAVE_SNPRINTF 1
| #define HAVE_STRINGS_H 1
| #define HAVE_STRCASECMP 1
| #define HAVE_LOCALE_H 1
| #define HAVE_LOCALECONV 1
| #define HAVE_LONG_LONG 1
| #define HAVE_DLSYM 1
| #define HAVE_DLFCN_H 1
| #define HAVE_ALSA_ASOUNDLIB_H 1
| #define HAVE_LIBJPEG 1
| #define HAVE_LIBZ 1
| #define HAVE_PNG_H 1
| #define HAVE_LIBPNG_PNG_H 1
| #define HAVE_LIBPNG 1
| #define HAVE_PNG_GET_VALID 1
| #define HAVE_PNG_SET_TRNS_TO_ALPHA 1
| #define HAVE_PTHREAD_H 1
| #define HAVE_PTHREAD 1
| #define HAVE_PTHREAD 1
| #define USE_X11 1
| #define HAVE_GL 1
| #define HAVE_GLXGETPROCADDRESSARB 1
| #define HAVE_GL_GLU_H 1
| #define HAVE_XINERAMA 1
| /* end confdefs.h.  */
| #include <stdio.h>
| #ifdef HAVE_SYS_TYPES_H
| # include <sys/types.h>
| #endif
| #ifdef HAVE_SYS_STAT_H
| # include <sys/stat.h>
| #endif
| #ifdef STDC_HEADERS
| # include <stdlib.h>
| # include <stddef.h>
| #else
| # ifdef HAVE_STDLIB_H
| #  include <stdlib.h>
| # endif
| #endif
| #ifdef HAVE_STRING_H
| # if !defined STDC_HEADERS && defined HAVE_MEMORY_H
| #  include <memory.h>
| # endif
| # include <string.h>
| #endif
| #ifdef HAVE_STRINGS_H
| # include <strings.h>
| #endif
| #ifdef HAVE_INTTYPES_H
| # include <inttypes.h>
| #endif
| #ifdef HAVE_STDINT_H
| # include <stdint.h>
| #endif
| #ifdef HAVE_UNISTD_H
| # include <unistd.h>
| #endif
| #include <X11/Xft/Xft.h>
configure:7868: result: no
configure:7868: checking X11/Xft/Xft.h presence
configure:7868: gcc -E -I/usr/include/freetype2 -I/usr/include/libpng16  conftest.c
conftest.c:54:10: fatal error: X11/Xft/Xft.h: No such file or directory
 #include <X11/Xft/Xft.h>
          ^~~~~~~~~~~~~~~
compilation terminated.
configure:7868: $? = 1
configure: failed program was:
| /* confdefs.h */
| #define PACKAGE_NAME ""
| #define PACKAGE_TARNAME ""
| #define PACKAGE_VERSION ""
| #define PACKAGE_STRING ""
| #define PACKAGE_BUGREPORT ""
| #define PACKAGE_URL ""
| #define STDC_HEADERS 1
| #define HAVE_SYS_TYPES_H 1
| #define HAVE_SYS_STAT_H 1
| #define HAVE_STDLIB_H 1
| #define HAVE_STRING_H 1
| #define HAVE_MEMORY_H 1
| #define HAVE_STRINGS_H 1
| #define HAVE_INTTYPES_H 1
| #define HAVE_STDINT_H 1
| #define HAVE_UNISTD_H 1
| #define SIZEOF_SHORT 2
| #define SIZEOF_INT 4
| #define SIZEOF_LONG 8
| #define U16 unsigned short
| #define U32 unsigned
| #define U64 unsigned long
| #define HAVE_DIRENT_H 1
| #define HAVE_SYS_SELECT_H 1
| #define HAVE_SCANDIR 1
| #define HAVE_SCANDIR_POSIX 1
| #define HAVE_VSNPRINTF 1
| #define HAVE_SNPRINTF 1
| #define HAVE_STRINGS_H 1
| #define HAVE_STRCASECMP 1
| #define HAVE_LOCALE_H 1
| #define HAVE_LOCALECONV 1
| #define HAVE_LONG_LONG 1
| #define HAVE_DLSYM 1
| #define HAVE_DLFCN_H 1
| #define HAVE_ALSA_ASOUNDLIB_H 1
| #define HAVE_LIBJPEG 1
| #define HAVE_LIBZ 1
| #define HAVE_PNG_H 1
| #define HAVE_LIBPNG_PNG_H 1
| #define HAVE_LIBPNG 1
| #define HAVE_PNG_GET_VALID 1
| #define HAVE_PNG_SET_TRNS_TO_ALPHA 1
| #define HAVE_PTHREAD_H 1
| #define HAVE_PTHREAD 1
| #define HAVE_PTHREAD 1
| #define USE_X11 1
| #define HAVE_GL 1
| #define HAVE_GLXGETPROCADDRESSARB 1
| #define HAVE_GL_GLU_H 1
| #define HAVE_XINERAMA 1
| /* end confdefs.h.  */
| #include <X11/Xft/Xft.h>
configure:7868: result: no
configure:7868: checking for X11/Xft/Xft.h
configure:7868: result: no
configure:7919: WARNING: could not find the required Xft headers and/or libraries.
configure:7921: please install Xft headers and libraries or use 'configure --disable-xft'.
configure:7936: checking for X11/extensions/Xdbe.h
configure:7936: gcc -c -I/usr/include/freetype2 -I/usr/include/libpng16   -I/usr/include/freetype2 -I/usr/include/libpng16  conftest.c >&5
configure:7936: $? = 0
configure:7936: result: yes
configure:7939: checking for XdbeQueryExtension in -lXext
configure:7964: gcc -o conftest -I/usr/include/freetype2 -I/usr/include/libpng16   -I/usr/include/freetype2 -I/usr/include/libpng16    conftest.c -lXext  -lXinerama -lpthread -ldl -lm  -lX11  >&5
configure:7964: $? = 0
configure:7973: result: yes
configure:7995: checking for X11/extensions/Xfixes.h
configure:7995: gcc -c -I/usr/include/freetype2 -I/usr/include/libpng16   -I/usr/include/freetype2 -I/usr/include/libpng16  conftest.c >&5
configure:7995: $? = 0
configure:7995: result: yes
configure:7998: checking for XFixesQueryExtension in -lXfixes
configure:8023: gcc -o conftest -I/usr/include/freetype2 -I/usr/include/libpng16   -I/usr/include/freetype2 -I/usr/include/libpng16    conftest.c -lXfixes  -lXext -lXinerama -lpthread -ldl -lm  -lX11  >&5
configure:8023: $? = 0
configure:8032: result: yes
configure:8054: checking for X11/Xcursor/Xcursor.h
configure:8054: gcc -c -I/usr/include/freetype2 -I/usr/include/libpng16   -I/usr/include/freetype2 -I/usr/include/libpng16  conftest.c >&5
configure:8054: $? = 0
configure:8054: result: yes
configure:8057: checking for XcursorImageCreate in -lXcursor
configure:8082: gcc -o conftest -I/usr/include/freetype2 -I/usr/include/libpng16   -I/usr/include/freetype2 -I/usr/include/libpng16    conftest.c -lXcursor  -lXfixes -lXext -lXinerama -lpthread -ldl -lm  -lX11  >&5
configure:8082: $? = 0
configure:8091: result: yes
configure:8113: checking for X11/extensions/Xrender.h
configure:8113: gcc -c -I/usr/include/freetype2 -I/usr/include/libpng16   -I/usr/include/freetype2 -I/usr/include/libpng16  conftest.c >&5
configure:8113: $? = 0
configure:8113: result: yes
configure:8116: checking for XRenderQueryVersion in -lXrender
configure:8141: gcc -o conftest -I/usr/include/freetype2 -I/usr/include/libpng16   -I/usr/include/freetype2 -I/usr/include/libpng16    conftest.c -lXrender  -lXcursor -lXfixes -lXext -lXinerama -lpthread -ldl -lm  -lX11  >&5
configure:8141: $? = 0
configure:8150: result: yes
configure:8164: checking for X11/Xregion.h
configure:8164: gcc -c -I/usr/include/freetype2 -I/usr/include/libpng16   -I/usr/include/freetype2 -I/usr/include/libpng16  conftest.c >&5
configure:8164: $? = 0
configure:8164: result: yes
configure:8175: checking for xprop
configure:8193: found /usr/bin/xprop
configure:8205: result: /usr/bin/xprop
configure:8213: checking for X overlay visuals
configure:8228: result: no
configure:8375: checking if GCC supports -fno-exceptions
configure:8390: gcc -c -I/usr/include/freetype2 -I/usr/include/libpng16   -fno-exceptions -I/usr/include/freetype2 -I/usr/include/libpng16  conftest.c >&5
configure:8390: $? = 0
configure:8392: result: yes
configure:8402: checking if GCC supports -fno-strict-aliasing
configure:8417: gcc -c -I/usr/include/freetype2 -I/usr/include/libpng16   -fno-strict-aliasing -I/usr/include/freetype2 -I/usr/include/libpng16  conftest.c >&5
configure:8417: $? = 0
configure:8419: result: yes
configure:8429: checking if ld supports -no-undefined
configure:8444: gcc -o conftest -I/usr/include/freetype2 -I/usr/include/libpng16   -I/usr/include/freetype2 -I/usr/include/libpng16    -Wl,-no-undefined conftest.c -lXrender -lXcursor -lXfixes -lXext -lXinerama -lpthread -ldl -lm  -lX11  >&5
configure:8444: $? = 0
configure:8446: result: yes
configure:8457: checking if ld supports -Bsymbolic-functions
configure:8472: gcc -o conftest -I/usr/include/freetype2 -I/usr/include/libpng16   -I/usr/include/freetype2 -I/usr/include/libpng16    -Wl,-Bsymbolic-functions conftest.c -lXrender -lXcursor -lXfixes -lXext -lXinerama -lpthread -ldl -lm  -lX11  >&5
configure:8472: $? = 0
configure:8474: result: yes
configure:8485: checking if toolchain supports sections
configure:8502: gcc -o conftest -I/usr/include/freetype2 -I/usr/include/libpng16   -ffunction-sections -fdata-sections -I/usr/include/freetype2 -I/usr/include/libpng16    -Wl,-gc-sections conftest.c -lXrender -lXcursor -lXfixes -lXext -lXinerama -lpthread -ldl -lm  -lX11  >&5
configure:8502: $? = 0
configure:8505: result: yes
configure:8909: creating ./config.status

## ---------------------- ##
## Running config.status. ##
## ---------------------- ##

This file was extended by config.status, which was
generated by GNU Autoconf 2.69.  Invocation command line was

  CONFIG_FILES    = 
  CONFIG_HEADERS  = 
  CONFIG_LINKS    = 
  CONFIG_COMMANDS = 
  $ ./config.status 

on pedagogical-5

config.status:939: creating makeinclude
config.status:939: creating fltk.list
config.status:939: creating fltk-config
config.status:939: creating fltk.spec
config.status:939: creating FL/Makefile
config.status:939: creating config.h
config.status:1114: config.h is unchanged
config.status:939: creating FL/abi-version.h
config.status:1114: FL/abi-version.h is unchanged

## ---------------- ##
## Cache variables. ##
## ---------------- ##

ac_cv_build=x86_64-pc-linux-gnu
ac_cv_c_bigendian=no
ac_cv_c_compiler_gnu=yes
ac_cv_c_long_long=yes
ac_cv_cxx_bool=yes
ac_cv_cxx_compiler_gnu=yes
ac_cv_cxx_scandir_posix=yes
ac_cv_env_CCC_set=
ac_cv_env_CCC_value=
ac_cv_env_CC_set=
ac_cv_env_CC_value=
ac_cv_env_CFLAGS_set=
ac_cv_env_CFLAGS_value=
ac_cv_env_CPPFLAGS_set=
ac_cv_env_CPPFLAGS_value=
ac_cv_env_CPP_set=
ac_cv_env_CPP_value=
ac_cv_env_CXXFLAGS_set=
ac_cv_env_CXXFLAGS_value=
ac_cv_env_CXX_set=
ac_cv_env_CXX_value=
ac_cv_env_LDFLAGS_set=
ac_cv_env_LDFLAGS_value=
ac_cv_env_LIBS_set=
ac_cv_env_LIBS_value=
ac_cv_env_XMKMF_set=
ac_cv_env_XMKMF_value=
ac_cv_env_build_alias_set=
ac_cv_env_build_alias_value=
ac_cv_env_host_alias_set=
ac_cv_env_host_alias_value=
ac_cv_env_target_alias_set=
ac_cv_env_target_alias_value=
ac_cv_func_connect=yes
ac_cv_func_gethostbyname=yes
ac_cv_func_localeconv=yes
ac_cv_func_remove=yes
ac_cv_func_shmat=yes
ac_cv_func_snprintf=yes
ac_cv_func_strcasecmp=yes
ac_cv_func_strlcat=no
ac_cv_func_strlcpy=no
ac_cv_func_vsnprintf=yes
ac_cv_have_overlay=no
ac_cv_have_x='have_x=yes	ac_x_includes='\'''\''	ac_x_libraries='\'''\'''
ac_cv_header_GL_gl_h=yes
ac_cv_header_GL_glu_h=yes
ac_cv_header_X11_Xcursor_Xcursor_h=yes
ac_cv_header_X11_Xft_Xft_h=no
ac_cv_header_X11_Xregion_h=yes
ac_cv_header_X11_extensions_Xdbe_h=yes
ac_cv_header_X11_extensions_Xfixes_h=yes
ac_cv_header_X11_extensions_Xrender_h=yes
ac_cv_header_alsa_asoundlib_h=yes
ac_cv_header_dirent_dirent_h=yes
ac_cv_header_dlfcn_h=yes
ac_cv_header_inttypes_h=yes
ac_cv_header_jpeglib_h=yes
ac_cv_header_libpng_png_h=yes
ac_cv_header_locale_h=yes
ac_cv_header_memory_h=yes
ac_cv_header_png_h=yes
ac_cv_header_pthread_h=yes
ac_cv_header_stdc=yes
ac_cv_header_stdint_h=yes
ac_cv_header_stdlib_h=yes
ac_cv_header_string_h=yes
ac_cv_header_strings_h=yes
ac_cv_header_sys_select_h=yes
ac_cv_header_sys_stat_h=yes
ac_cv_header_sys_stdtypes_h=no
ac_cv_header_sys_types_h=yes
ac_cv_header_unistd_h=yes
ac_cv_header_zlib_h=yes
ac_cv_host=x86_64-pc-linux-gnu
ac_cv_lib_GL_glXGetProcAddressARB=yes
ac_cv_lib_GL_glXMakeCurrent=yes
ac_cv_lib_ICE_IceConnectionNumber=yes
ac_cv_lib_Xcursor_XcursorImageCreate=yes
ac_cv_lib_Xext_XdbeQueryExtension=yes
ac_cv_lib_Xfixes_XFixesQueryExtension=yes
ac_cv_lib_Xinerama_XineramaIsActive=yes
ac_cv_lib_Xrender_XRenderQueryVersion=yes
ac_cv_lib_fontconfig_FcPatternCreate=no
ac_cv_lib_jpeg_jpeg_CreateCompress=yes
ac_cv_lib_png_png_get_valid=yes
ac_cv_lib_png_png_read_info=yes
ac_cv_lib_png_png_set_tRNS_to_alpha=yes
ac_cv_lib_z_gzgets=yes
ac_cv_objext=o
ac_cv_path_EGREP='/bin/grep -E'
ac_cv_path_GREP=/bin/grep
ac_cv_path_NROFF=/usr/bin/nroff
ac_cv_path_PKGCONFIG=/usr/bin/pkg-config
ac_cv_path_XPROP=/usr/bin/xprop
ac_cv_path_ac_pt_AR=/usr/bin/ar
ac_cv_path_install='/usr/bin/install -c'
ac_cv_prog_CPP='gcc -E'
ac_cv_prog_ac_ct_CC=gcc
ac_cv_prog_ac_ct_CXX=g++
ac_cv_prog_ac_ct_RANLIB=ranlib
ac_cv_prog_cc_c89=
ac_cv_prog_cc_g=yes
ac_cv_prog_cxx_g=yes
ac_cv_search_dlopen='none required'
ac_cv_search_dlsym=-ldl
ac_cv_search_opendir='none required'
ac_cv_search_pow=-lm
ac_cv_sizeof_int=4
ac_cv_sizeof_long=8
ac_cv_sizeof_short=2
ac_cv_sys_file_offset_bits=no
ac_cv_sys_largefile_CC=no

## ----------------- ##
## Output variables. ##
## ----------------- ##

AR='/usr/bin/ar'
ARCHFLAGS=''
AUDIOLIBS='-lasound'
BINARY_DIR=''
CAIRODIR=''
CAIRODSONAME=''
CAIROFLAGS=''
CAIROLIBBASENAME='libfltk_cairo.a'
CAIROLIBNAME='../lib/libfltk_cairo.a'
CAIROLIBS=''
CAT1EXT='1'
CAT3EXT='3'
CAT6EXT='6'
CC='gcc'
CFLAGS='-I/usr/include/freetype2 -I/usr/include/libpng16  '
CPP='gcc -E'
CPPFLAGS='-I/usr/include/freetype2 -I/usr/include/libpng16 '
CXX='g++'
CXXFLAGS='-I/usr/include/freetype2 -I/usr/include/libpng16  '
DEFS='-DHAVE_CONFIG_H'
DOXYDOC=''
DSOCOMMAND='echo'
DSOFLAGS='  -Wl,-no-undefined -Wl,-Bsymbolic-functions -Wl,-gc-sections'
DSOLINK=''
DSONAME=''
ECHO_C=''
ECHO_N='-n'
ECHO_T=''
EGREP='/bin/grep -E'
EXEEXT=''
FLDSONAME=''
FLLIBBASENAME='libfltk_forms.a'
FLLIBNAME='../lib/libfltk_forms.a'
FLTKCAIROOPTION=''
FLTK_VERSION='1.3.8'
FLTK_VERSION_MAJOR='1'
FLTK_VERSION_MINOR='3'
FLTK_VERSION_PATCH='8'
FLUID='fluid'
FLUID_BUILD='../fluid/fluid'
FL_ABI_VERSION='1.3.0'
FL_DSO_VERSION='1.3'
FTCONFIG=''
GLDEMOS='gldemos'
GLDSONAME=''
GLLIBBASENAME='libfltk_gl.a'
GLLIBNAME='../lib/libfltk_gl.a'
GLLIBS='-lGLU -lGL'
GREP='/bin/grep'
GROFF=''
HLINKS='#'
IMAGELIBS='-lpng -lz -ljpeg '
IMGDSONAME=''
IMGLIBBASENAME='libfltk_images.a'
IMGLIBNAME='../lib/libfltk_images.a'
INSTALL_DATA='${INSTALL} -m 644'
INSTALL_DESKTOP='install-linux'
INSTALL_PROGRAM='${INSTALL}'
INSTALL_SCRIPT='${INSTALL}'
JPEG=''
JPEGINC=''
LARGEFILE='-D_LARGEFILE_SOURCE -D_LARGEFILE64_SOURCE'
LDFLAGS=' '
LIBBASENAME='libfltk.a'
LIBCOMMAND='/usr/bin/ar cr'
LIBEXT='.a'
LIBNAME='../lib/libfltk.a'
LIBOBJS=''
LIBS='-lXrender -lXcursor -lXfixes -lXext -lXinerama -lpthread -ldl -lm  -lX11 '
LINKFLTK='../lib/libfltk.a'
LINKFLTKCAIRO=''
LINKFLTKFORMS='../lib/libfltk_forms.a'
LINKFLTKGL='../lib/libfltk_gl.a'
LINKFLTKIMG='../lib/libfltk_images.a'
LINKSHARED=' ../lib/libfltk_images.a ../lib/libfltk_forms.a ../lib/libfltk.a'
LTLIBOBJS=''
MAKEDEPEND='$(CXX) -M'
NROFF='/usr/bin/nroff'
OBJEXT='o'
OPTIM=' -Os -Wall -Wunused -Wno-format-y2k  -fno-exceptions -fno-strict-aliasing -ffunction-sections -fdata-sections'
OSX_ONLY=':'
PACKAGE_BUGREPORT=''
PACKAGE_NAME=''
PACKAGE_STRING=''
PACKAGE_TARNAME=''
PACKAGE_URL=''
PACKAGE_VERSION=''
PATH_SEPARATOR=':'
PKGCONFIG='/usr/bin/pkg-config'
PNG=''
PNGINC=''
PTHREAD_FLAGS='-D_THREAD_SAFE -D_REENTRANT'
RANLIB='ranlib'
RC=''
SHAREDSUFFIX=''
SHELL='/bin/bash'
STATICIMAGELIBS='-lpng -lz -ljpeg '
THREADS='threads'
UNINSTALL_DESKTOP='uninstall-linux'
USEMMFILES='No'
XMKMF=''
XPROP='/usr/bin/xprop'
X_CFLAGS=''
X_EXTRA_LIBS=''
X_LIBS=''
X_PRE_LIBS=' -lSM -lICE'
ZLIB=''
ZLIBINC=''
ac_ct_CC='gcc'
ac_ct_CXX='g++'
bindir='${exec_prefix}/bin'
build='x86_64-pc-linux-gnu'
build_alias=''
build_cpu='x86_64'
build_os='linux-gnu'
build_vendor='pc'
datadir='${datarootdir}'
datarootdir='${prefix}/share'
docdir='${datarootdir}/doc/${PACKAGE}'
dvidir='${docdir}'
exec_prefix='${prefix}'
host='x86_64-pc-linux-gnu'
host_alias=''
host_cpu='x86_64'
host_os='linux-gnu'
host_vendor='pc'
htmldir='${docdir}'
includedir='${prefix}/include'
infodir='${datarootdir}/info'
libdir='${exec_prefix}/lib'
libexecdir='${exec_prefix}/libexec'
localedir='${datarootdir}/locale'
localstatedir='${prefix}/var'
mandir='${datarootdir}/man'
oldincludedir='/usr/include'
pdfdir='${docdir}'
prefix='/usr/local'
program_transform_name='s,x,x,'
psdir='${docdir}'
runstatedir='${localstatedir}/run'
sbindir='${exec_prefix}/sbin'
sharedstatedir='${prefix}/com'
sysconfdir='${prefix}/etc'
target_alias=''

## ----------- ##
## confdefs.h. ##
## ----------- ##

/* confdefs.h */
#define PACKAGE_NAME ""
#define PACKAGE_TARNAME ""
#define PACKAGE_VERSION ""
#define PACKAGE_STRING ""
#define PACKAGE_BUGREPORT ""
#define PACKAGE_URL ""
#define STDC_HEADERS 1
#define HAVE_SYS_TYPES_H 1
#define HAVE_SYS_STAT_H 1
#define HAVE_STDLIB_H 1
#define HAVE_STRING_H 1
#define HAVE_MEMORY_H 1
#define HAVE_STRINGS_H 1
#define HAVE_INTTYPES_H 1
#define HAVE_STDINT_H 1
#define HAVE_UNISTD_H 1
#define SIZEOF_SHORT 2
#define SIZEOF_INT 4
#define SIZEOF_LONG 8
#define U16 unsigned short
#define U32 unsigned
#define U64 unsigned long
#define HAVE_DIRENT_H 1
#define HAVE_SYS_SELECT_H 1
#define HAVE_SCANDIR 1
#define HAVE_SCANDIR_POSIX 1
#define HAVE_VSNPRINTF 1
#define HAVE_SNPRINTF 1
#define HAVE_STRINGS_H 1
#define HAVE_STRCASECMP 1
#define HAVE_LOCALE_H 1
#define HAVE_LOCALECONV 1
#define HAVE_LONG_LONG 1
#define HAVE_DLSYM 1
#define HAVE_DLFCN_H 1
#define HAVE_ALSA_ASOUNDLIB_H 1
#define HAVE_LIBJPEG 1
#define HAVE_LIBZ 1
#define HAVE_PNG_H 1
#define HAVE_LIBPNG_PNG_H 1
#define HAVE_LIBPNG 1
#define HAVE_PNG_GET_VALID 1
#define HAVE_PNG_SET_TRNS_TO_ALPHA 1
#define HAVE_PTHREAD_H 1
#define HAVE_PTHREAD 1
#define HAVE_PTHREAD 1
#define USE_X11 1
#define HAVE_GL 1
#define HAVE_GLXGETPROCADDRESSARB 1
#define HAVE_GL_GLU_H 1
#define HAVE_XINERAMA 1
#define HAVE_XDBE 1
#define HAVE_XFIXES 1
#define HAVE_XCURSOR 1
#define HAVE_XRENDER 1
#define HAVE_X11_XREGION_H 1
#define FLTK_DOCDIR "/usr/local/share/doc/fltk"
#define FLTK_DATADIR "/usr/local/share/fltk"

configure: exit 0
